#
# A fatal error has been detected by the Java Runtime Environment:
#
#  EXCEPTION_ACCESS_VIOLATION (0xc0000005) at pc=0x00007ffc1a55836e, pid=9448, tid=6796
#
# JRE version: Java(TM) SE Runtime Environment (21.0.1+12) (build 21.0.1+12-LTS-29)
# Java VM: Java HotSpot(TM) 64-Bit Server VM (21.0.1+12-LTS-29, mixed mode, sharing, tiered, compressed oops, compressed class ptrs, g1 gc, windows-amd64)
# Problematic frame:
# V  [jvm.dll+0x31836e]
#
# No core dump will be written. Minidumps are not enabled by default on client versions of Windows
#
# If you would like to submit a bug report, please visit:
#   https://bugreport.java.com/bugreport/crash.jsp
#

---------------  S U M M A R Y ------------

Command Line: -Dcom.sun.management.jmxremote -Dcom.sun.management.jmxremote.port=62331 -Dcom.sun.management.jmxremote.authenticate=false -Dcom.sun.management.jmxremote.ssl=false -Dspring.jmx.enabled=true -Djava.rmi.server.hostname=localhost -Dspring.application.admin.enabled=true -Dspring.boot.project.name=edificar -XX:+ShowCodeDetailsInExceptionMessages -Dmanagement.endpoints.jmx.exposure.include=* com.app.edificar.EdificarApplication

Host: AMD A4-6300 APU with Radeon(tm) HD Graphics    , 2 cores, 15G,  Windows 11 , 64 bit Build 22621 (10.0.22621.3374)
Time: Thu Oct 23 18:18:41 2025 Hora oficial do Brasil elapsed time: 59.271109 seconds (0d 0h 0m 59s)

---------------  T H R E A D  ---------------

Current thread (0x000001b6f9cbb7a0):  WorkerThread "G1 Conc#0"      [id=6796, stack(0x0000009c53400000,0x0000009c53500000) (1024K)]

Stack: [0x0000009c53400000,0x0000009c53500000],  sp=0x0000009c534ffb70,  free space=1022k
Native frames: (J=compiled Java code, j=interpreted, Vv=VM code, C=native code)
V  [jvm.dll+0x31836e]
V  [jvm.dll+0x333c5a]
V  [jvm.dll+0x33279c]
V  [jvm.dll+0x33433c]
V  [jvm.dll+0x333069]
V  [jvm.dll+0x336ae6]
V  [jvm.dll+0x881f77]
V  [jvm.dll+0x7fd728]
V  [jvm.dll+0x6c777d]
C  [ucrtbase.dll+0x29333]
C  [KERNEL32.DLL+0x1257d]
C  [ntdll.dll+0x5aa48]


siginfo: EXCEPTION_ACCESS_VIOLATION (0xc0000005), reading address 0x00007ffd1adfaa68


Registers:
RAX=0x00007ffc1adfaa60, RBX=0x0000000000000014, RCX=0x0000009c534ffcc0, RDX=0x000000070dabb108
RSP=0x0000009c534ffb70, RBP=0x0000009c534ffcc0, RSI=0x000000070dabb108, RDI=0x000001b69c000011
R8 =0x000001b69c000011, R9 =0x0000000020000001, R10=0x000001b69c000000, R11=0x0000000000000014
R12=0x0000000000000000, R13=0xaaaaaaaaaaaaaaab, R14=0x0000000000000000, R15=0x0000009c534ffc80
RIP=0x00007ffc1a55836e, EFLAGS=0x0000000000010206


Register to memory mapping:

RAX=0x00007ffc1adfaa60 jvm.dll
RBX=0x0000000000000014 is an unknown value
RCX=0x0000009c534ffcc0 points into unknown readable memory: 0x00007ffc1ac109c8 | c8 09 c1 1a fc 7f 00 00
RDX=0x000000070dabb108 is pointing into object: java.lang.String 
{0x000000070dabb0f8} - klass: 'java/lang/String'
 - string: "khpnh"
 - ---- fields (total size 3 words):
 - private 'hash' 'I' @12  102026157 (0x0614cbad)
 - private final 'coder' 'B' @16  0 (0x00)
 - private 'hashIsZero' 'Z' @17  false (0x00)
 - injected 'flags' 'B' @18  0 (0x00)
 - private final 'value' '[B' @20  [B{0x000000070dabb110} (0xe1b57622)
RSP=0x0000009c534ffb70 points into unknown readable memory: 0x0000009c534ffc80 | 80 fc 4f 53 9c 00 00 00
RBP=0x0000009c534ffcc0 points into unknown readable memory: 0x00007ffc1ac109c8 | c8 09 c1 1a fc 7f 00 00
RSI=0x000000070dabb108 is pointing into object: java.lang.String 
{0x000000070dabb0f8} - klass: 'java/lang/String'
 - string: "khpnh"
 - ---- fields (total size 3 words):
 - private 'hash' 'I' @12  102026157 (0x0614cbad)
 - private final 'coder' 'B' @16  0 (0x00)
 - private 'hashIsZero' 'Z' @17  false (0x00)
 - injected 'flags' 'B' @18  0 (0x00)
 - private final 'value' '[B' @20  [B{0x000000070dabb110} (0xe1b57622)
RDI=0x000001b69c000011 is pointing into metadata
R8 =0x000001b69c000011 is pointing into metadata
R9 =0x0000000020000001 is an unknown value
R10=0x000001b69c000000 is pointing into metadata
R11=0x0000000000000014 is an unknown value
R12=0x0 is null
R13=0xaaaaaaaaaaaaaaab is an unknown value
R14=0x0 is null
R15=0x0000009c534ffc80 points into unknown readable memory: 0x000001b6f9caae20 | 20 ae ca f9 b6 01 00 00

Top of Stack: (sp=0x0000009c534ffb70)
0x0000009c534ffb70:   0000009c534ffc80 0000000000000001
0x0000009c534ffb80:   000001b69c00ec78 00007ffc1a558372
0x0000009c534ffb90:   000000070dabb108 00007ffc1a573c5a
0x0000009c534ffba0:   000001b6f9cbcd20 0000000000000040
0x0000009c534ffbb0:   0000009c534ffc80 00007ffc1a575fa0
0x0000009c534ffbc0:   0000000000000001 000000070db2ac98
0x0000009c534ffbd0:   0000009c534ffc80 000001b6f9caae30
0x0000009c534ffbe0:   00000000001a5593 00007ffc1a57279c
0x0000009c534ffbf0:   00000000001a5593 0000009c533ff310
0x0000009c534ffc00:   000000070dabb108 00007ffc1a573df4
0x0000009c534ffc10:   00000000001c0000 00007ffc1a57433c
0x0000009c534ffc20:   000000070db2ac70 00000000001a5593
0x0000009c534ffc30:   0000000000098968 0000000000000000
0x0000009c534ffc40:   000001b6f9cbbb50 0000000000000001
0x0000009c534ffc50:   000001b6f9cbcd20 00007ffc1a573069
0x0000009c534ffc60:   000001b6f9cbcdb8 0000000000000000
0x0000009c534ffc70:   0000009c533ff301 0000000000000000
0x0000009c534ffc80:   000001b6f9caae20 000001b6f9cbcd20
0x0000009c534ffc90:   000000070da00000 0000000000040000
0x0000009c534ffca0:   000000070da00000 0000000000040000
0x0000009c534ffcb0:   0000000000000000 000000000007270e
0x0000009c534ffcc0:   00007ffc1ac109c8 000001b6feac6670
0x0000009c534ffcd0:   0000009c00000003 000001b6f9c597e0
0x0000009c534ffce0:   000001b6f9cbcd20 00007ffc1a8d8863
0x0000009c534ffcf0:   c215b08487ffcfdf 0000000000000000
0x0000009c534ffd00:   0000000000000000 0000000000000000
0x0000009c534ffd10:   000001b6f9cbbb50 000001b6feac7298
0x0000009c534ffd20:   000001b6f9cbbf28 0000000000000000
0x0000009c534ffd30:   000001b6f9c57d20 0000009c533ff310
0x0000009c534ffd40:   000001b6f9cbbb40 00007ffc1a576ae6
0x0000009c534ffd50:   0000004ca365f0ab 0000000000000000
0x0000009c534ffd60:   000001b6f9cbcd20 0000009c533ff310 

Instructions: (pc=0x00007ffc1a55836e)
0x00007ffc1a55826e:   49 8b c2 4c 8d 0d 58 0b 00 00 49 0f 45 c1 48 89
0x00007ffc1a55827e:   05 0d 28 8a 00 49 3b c2 0f 84 84 0a 00 00 48 ff
0x00007ffc1a55828e:   e0 cc 48 83 ec 38 80 3d e5 a1 90 00 00 4c 8d 1d
0x00007ffc1a55829e:   be 0b cf ff 41 0f 10 01 49 8b c3 4c 8d 15 b0 0b
0x00007ffc1a5582ae:   cf ff 49 0f 45 c2 48 89 05 95 27 8a 00 0f 29 44
0x00007ffc1a5582be:   24 20 49 3b c3 74 07 4c 8d 4c 24 20 ff d0 48 83
0x00007ffc1a5582ce:   c4 38 c3 cc cc cc cc cc cc cc cc cc cc cc cc cc
0x00007ffc1a5582de:   cc cc 80 3d 99 a1 90 00 00 4c 8d 15 72 0b cf ff
0x00007ffc1a5582ee:   49 8b c2 4c 8d 0d 68 0b cf ff 49 0f 45 c1 48 89
0x00007ffc1a5582fe:   05 85 27 8a 00 49 3b c2 74 03 48 ff e0 c3 cc cc
0x00007ffc1a55830e:   cc cc 48 89 5c 24 08 48 89 6c 24 10 48 89 74 24
0x00007ffc1a55831e:   18 57 48 83 ec 20 80 3d f3 31 8a 00 00 48 8b ea
0x00007ffc1a55832e:   48 8b f1 74 15 8b 79 08 8b 0d 3c 1c 8a 00 48 d3
0x00007ffc1a55833e:   e7 48 03 3d 2a 1c 8a 00 eb 04 48 8b 79 08 48 8b
0x00007ffc1a55834e:   d7 48 8b ce e8 29 5e e2 ff 4c 63 4f 0c 48 8b d8
0x00007ffc1a55835e:   48 8d 05 fb 26 8a 00 4c 8b c7 48 8b d6 48 8b cd
0x00007ffc1a55836e:   42 ff 14 c8 48 8b 6c 24 38 48 8b c3 48 8b 5c 24
0x00007ffc1a55837e:   30 48 8b 74 24 40 48 83 c4 20 5f c3 cc cc cc cc
0x00007ffc1a55838e:   cc cc 40 55 48 83 ec 30 48 89 5c 24 40 48 8b e9
0x00007ffc1a55839e:   49 8b d8 48 89 74 24 48 44 8b 41 10 45 33 c9 4c
0x00007ffc1a5583ae:   89 74 24 28 4c 89 7c 24 20 4c 8b fa 48 8b d1 48
0x00007ffc1a5583be:   8b 8b 98 00 00 00 e8 27 bc f0 ff 4c 63 93 a0 00
0x00007ffc1a5583ce:   00 00 4c 63 8b 14 01 00 00 49 83 c2 39 8b 83 10
0x00007ffc1a5583de:   01 00 00 4d 03 d1 49 03 c2 4a 8d 34 d3 4c 8d 34
0x00007ffc1a5583ee:   c3 49 3b f6 73 4d 48 89 7c 24 50 0f 1f 80 00 00
0x00007ffc1a5583fe:   00 00 48 63 1e 8b 46 04 49 03 df 48 8d 3c c3 48
0x00007ffc1a55840e:   3b df 73 21 48 8b 4d 20 48 ff 81 b8 00 00 00 48
0x00007ffc1a55841e:   8b 13 48 85 d2 74 05 e8 76 29 00 00 48 83 c3 08
0x00007ffc1a55842e:   48 3b df 72 df 48 83 c6 08 49 3b f6 72 c4 48 8b
0x00007ffc1a55843e:   7c 24 50 49 8b cf e8 e7 f1 0c 00 4c 8b 7c 24 20
0x00007ffc1a55844e:   4c 8b 74 24 28 48 8b 74 24 48 48 8b 5c 24 40 48
0x00007ffc1a55845e:   85 c0 74 17 44 8b 45 10 45 33 c9 48 8b d5 48 8b 


Stack slot to memory mapping:

stack at sp + 0 slots: 0x0000009c534ffc80 points into unknown readable memory: 0x000001b6f9caae20 | 20 ae ca f9 b6 01 00 00
stack at sp + 1 slots: 0x0000000000000001 is an unknown value
stack at sp + 2 slots: 0x000001b69c00ec78 is a pointer to class: 
stack at sp + 3 slots: 0x00007ffc1a558372 jvm.dll
stack at sp + 4 slots: 0x000000070dabb108 is pointing into object: java.lang.String 
{0x000000070dabb0f8} - klass: 'java/lang/String'
 - string: "khpnh"
 - ---- fields (total size 3 words):
 - private 'hash' 'I' @12  102026157 (0x0614cbad)
 - private final 'coder' 'B' @16  0 (0x00)
 - private 'hashIsZero' 'Z' @17  false (0x00)
 - injected 'flags' 'B' @18  0 (0x00)
 - private final 'value' '[B' @20  [B{0x000000070dabb110} (0xe1b57622)
stack at sp + 5 slots: 0x00007ffc1a573c5a jvm.dll
stack at sp + 6 slots: 0x000001b6f9cbcd20 points into unknown readable memory: 0x00007ffc1ac109a8 | a8 09 c1 1a fc 7f 00 00
stack at sp + 7 slots: 0x0000000000000040 is an unknown value


---------------  P R O C E S S  ---------------

Threads class SMR info:
_java_thread_list=0x000001b6e1735830, length=19, elements={
0x000001b6f9a5aad0, 0x000001b6fec2e7b0, 0x000001b6fec2f4d0, 0x000001b6fec301f0,
0x000001b6fec31c60, 0x000001b6fec326c0, 0x000001b6fec33120, 0x000001b6fec33eb0,
0x000001b6fec37600, 0x000001b6febf5d20, 0x000001b69b339cc0, 0x000001b69b9342e0,
0x000001b69b936fa0, 0x000001b69bd75a20, 0x000001b69bd594a0, 0x000001b69bd53880,
0x000001b6e1182fa0, 0x000001b6e1314e50, 0x000001b69b891020
}

Java Threads: ( => current thread )
  0x000001b6f9a5aad0 JavaThread "main"                              [_thread_in_Java, id=11692, stack(0x0000009c53100000,0x0000009c53200000) (1024K)]
  0x000001b6fec2e7b0 JavaThread "Reference Handler"          daemon [_thread_blocked, id=13424, stack(0x0000009c53900000,0x0000009c53a00000) (1024K)]
  0x000001b6fec2f4d0 JavaThread "Finalizer"                  daemon [_thread_blocked, id=6756, stack(0x0000009c53a00000,0x0000009c53b00000) (1024K)]
  0x000001b6fec301f0 JavaThread "Signal Dispatcher"          daemon [_thread_blocked, id=5280, stack(0x0000009c53b00000,0x0000009c53c00000) (1024K)]
  0x000001b6fec31c60 JavaThread "Attach Listener"            daemon [_thread_blocked, id=14744, stack(0x0000009c53c00000,0x0000009c53d00000) (1024K)]
  0x000001b6fec326c0 JavaThread "Service Thread"             daemon [_thread_blocked, id=15148, stack(0x0000009c53d00000,0x0000009c53e00000) (1024K)]
  0x000001b6fec33120 JavaThread "Monitor Deflation Thread"   daemon [_thread_blocked, id=6376, stack(0x0000009c53e00000,0x0000009c53f00000) (1024K)]
  0x000001b6fec33eb0 JavaThread "C2 CompilerThread0"         daemon [_thread_blocked, id=2148, stack(0x0000009c53f00000,0x0000009c54000000) (1024K)]
  0x000001b6fec37600 JavaThread "C1 CompilerThread0"         daemon [_thread_blocked, id=12308, stack(0x0000009c54000000,0x0000009c54100000) (1024K)]
  0x000001b6febf5d20 JavaThread "Common-Cleaner"             daemon [_thread_blocked, id=12508, stack(0x0000009c54100000,0x0000009c54200000) (1024K)]
  0x000001b69b339cc0 JavaThread "Notification Thread"        daemon [_thread_blocked, id=5252, stack(0x0000009c54200000,0x0000009c54300000) (1024K)]
  0x000001b69b9342e0 JavaThread "RMI TCP Accept-0"           daemon [_thread_in_native, id=14980, stack(0x0000009c54400000,0x0000009c54500000) (1024K)]
  0x000001b69b936fa0 JavaThread "RMI TCP Accept-62331"       daemon [_thread_in_native, id=6920, stack(0x0000009c54500000,0x0000009c54600000) (1024K)]
  0x000001b69bd75a20 JavaThread "RMI TCP Accept-0"           daemon [_thread_in_native, id=15096, stack(0x0000009c54600000,0x0000009c54700000) (1024K)]
  0x000001b69bd594a0 JavaThread "RMI TCP Connection(idle)"   daemon [_thread_blocked, id=5872, stack(0x0000009c54700000,0x0000009c54800000) (1024K)]
  0x000001b69bd53880 JavaThread "RMI Scheduler(0)"           daemon [_thread_blocked, id=5448, stack(0x0000009c54800000,0x0000009c54900000) (1024K)]
  0x000001b6e1182fa0 JavaThread "RMI TCP Connection(idle)"   daemon [_thread_blocked, id=6372, stack(0x0000009c54900000,0x0000009c54a00000) (1024K)]
  0x000001b6e1314e50 JavaThread "JMX server connection timeout 29" daemon [_thread_blocked, id=14544, stack(0x0000009c54b00000,0x0000009c54c00000) (1024K)]
  0x000001b69b891020 JavaThread "RMI TCP Connection(3)-127.0.0.1" daemon [_thread_in_native, id=14696, stack(0x0000009c54c00000,0x0000009c54d00000) (1024K)]
Total: 19

Other Threads:
  0x000001b6fec0a950 VMThread "VM Thread"                           [id=5000, stack(0x0000009c53800000,0x0000009c53900000) (1024K)]
  0x000001b6febf39e0 WatcherThread "VM Periodic Task Thread"        [id=8660, stack(0x0000009c53700000,0x0000009c53800000) (1024K)]
  0x000001b6f9caa730 WorkerThread "GC Thread#0"                     [id=14532, stack(0x0000009c53200000,0x0000009c53300000) (1024K)]
  0x000001b69b8580f0 WorkerThread "GC Thread#1"                     [id=10320, stack(0x0000009c54300000,0x0000009c54400000) (1024K)]
  0x000001b6f9cbaa20 ConcurrentGCThread "G1 Main Marker"            [id=3456, stack(0x0000009c53300000,0x0000009c53400000) (1024K)]
=>0x000001b6f9cbb7a0 WorkerThread "G1 Conc#0"                       [id=6796, stack(0x0000009c53400000,0x0000009c53500000) (1024K)]
  0x000001b6f9cedd90 ConcurrentGCThread "G1 Refine#0"               [id=10592, stack(0x0000009c53500000,0x0000009c53600000) (1024K)]
  0x000001b6f9ceeab0 ConcurrentGCThread "G1 Service"                [id=14552, stack(0x0000009c53600000,0x0000009c53700000) (1024K)]
Total: 8

Threads with active compile tasks:
Total: 0

VM state: not at safepoint (normal execution)

VM Mutex/Monitor currently owned by a thread: None

Heap address: 0x000000070ce00000, size: 3890 MB, Compressed Oops mode: Zero based, Oop shift amount: 3

CDS archive(s) mapped at: [0x000001b69c000000-0x000001b69cc90000-0x000001b69cc90000), size 13172736, SharedBaseAddress: 0x000001b69c000000, ArchiveRelocationMode: 1.
Compressed class space mapped at: 0x000001b69d000000-0x000001b6dd000000, reserved size: 1073741824
Narrow klass base: 0x000001b69c000000, Narrow klass shift: 0, Narrow klass range: 0x100000000

GC Precious Log:
 CardTable entry size: 512
 Card Set container configuration: InlinePtr #cards 4 size 8 Array Of Cards #cards 16 size 48 Howl #buckets 8 coarsen threshold 3686 Howl Bitmap #cards 512 size 80 coarsen threshold 460 Card regions per heap region 1 cards per card region 4096
 CPUs: 2 total, 2 available
 Memory: 15559M
 Large Page Support: Disabled
 NUMA Support: Disabled
 Compressed Oops: Enabled (Zero based)
 Heap Region Size: 2M
 Heap Min Capacity: 8M
 Heap Initial Capacity: 244M
 Heap Max Capacity: 3890M
 Pre-touch: Disabled
 Parallel Workers: 2
 Concurrent Workers: 1
 Concurrent Refinement Workers: 2
 Periodic GC: Disabled

Heap:
 garbage-first heap   total 55296K, used 25508K [0x000000070ce00000, 0x0000000800000000)
  region size 2048K, 2 young (4096K), 1 survivors (2048K)
 Metaspace       used 35546K, committed 36096K, reserved 1114112K
  class space    used 4424K, committed 4672K, reserved 1048576K

Heap Regions: E=young(eden), S=young(survivor), O=old, HS=humongous(starts), HC=humongous(continues), CS=collection set, F=free, TAMS=top-at-mark-start, PB=parsable bottom
|   0|0x000000070ce00000, 0x000000070d000000, 0x000000070d000000|100%| O|  |TAMS 0x000000070d000000| PB 0x000000070ce00000| Untracked 
|   1|0x000000070d000000, 0x000000070d200000, 0x000000070d200000|100%| O|  |TAMS 0x000000070d200000| PB 0x000000070d000000| Untracked 
|   2|0x000000070d200000, 0x000000070d400000, 0x000000070d400000|100%| O|  |TAMS 0x000000070d400000| PB 0x000000070d200000| Untracked 
|   3|0x000000070d400000, 0x000000070d600000, 0x000000070d600000|100%| O|  |TAMS 0x000000070d600000| PB 0x000000070d400000| Untracked 
|   4|0x000000070d600000, 0x000000070d800000, 0x000000070d800000|100%| O|  |TAMS 0x000000070d800000| PB 0x000000070d600000| Untracked 
|   5|0x000000070d800000, 0x000000070da00000, 0x000000070da00000|100%| O|  |TAMS 0x000000070da00000| PB 0x000000070d800000| Untracked 
|   6|0x000000070da00000, 0x000000070dc00000, 0x000000070dc00000|100%| O|  |TAMS 0x000000070dc00000| PB 0x000000070da00000| Untracked 
|   7|0x000000070dc00000, 0x000000070de00000, 0x000000070de00000|100%| O|  |TAMS 0x000000070de00000| PB 0x000000070dc00000| Untracked 
|   8|0x000000070de00000, 0x000000070e000000, 0x000000070e000000|100%| O|  |TAMS 0x000000070e000000| PB 0x000000070de00000| Untracked 
|   9|0x000000070e000000, 0x000000070e200000, 0x000000070e200000|100%| O|  |TAMS 0x000000070e200000| PB 0x000000070e000000| Untracked 
|  10|0x000000070e200000, 0x000000070e400000, 0x000000070e400000|100%| O|  |TAMS 0x000000070e25bb18| PB 0x000000070e200000| Untracked 
|  11|0x000000070e400000, 0x000000070e5f5f50, 0x000000070e600000| 98%| O|  |TAMS 0x000000070e400000| PB 0x000000070e400000| Untracked 
|  12|0x000000070e600000, 0x000000070e600000, 0x000000070e800000|  0%| F|  |TAMS 0x000000070e600000| PB 0x000000070e600000| Untracked 
|  13|0x000000070e800000, 0x000000070e800000, 0x000000070ea00000|  0%| F|  |TAMS 0x000000070e800000| PB 0x000000070e800000| Untracked 
|  14|0x000000070ea00000, 0x000000070ea00000, 0x000000070ec00000|  0%| F|  |TAMS 0x000000070ea00000| PB 0x000000070ea00000| Untracked 
|  15|0x000000070ec00000, 0x000000070ec00000, 0x000000070ee00000|  0%| F|  |TAMS 0x000000070ec00000| PB 0x000000070ec00000| Untracked 
|  16|0x000000070ee00000, 0x000000070ee00000, 0x000000070f000000|  0%| F|  |TAMS 0x000000070ee00000| PB 0x000000070ee00000| Untracked 
|  17|0x000000070f000000, 0x000000070f000000, 0x000000070f200000|  0%| F|  |TAMS 0x000000070f000000| PB 0x000000070f000000| Untracked 
|  18|0x000000070f200000, 0x000000070f200000, 0x000000070f400000|  0%| F|  |TAMS 0x000000070f200000| PB 0x000000070f200000| Untracked 
|  19|0x000000070f400000, 0x000000070f400000, 0x000000070f600000|  0%| F|  |TAMS 0x000000070f400000| PB 0x000000070f400000| Untracked 
|  20|0x000000070f600000, 0x000000070f600000, 0x000000070f800000|  0%| F|  |TAMS 0x000000070f600000| PB 0x000000070f600000| Untracked 
|  21|0x000000070f800000, 0x000000070f800000, 0x000000070fa00000|  0%| F|  |TAMS 0x000000070f800000| PB 0x000000070f800000| Untracked 
|  22|0x000000070fa00000, 0x000000070faf3240, 0x000000070fc00000| 47%| S|CS|TAMS 0x000000070fa00000| PB 0x000000070fa00000| Complete 
|  23|0x000000070fc00000, 0x000000070fc00000, 0x000000070fe00000|  0%| F|  |TAMS 0x000000070fc00000| PB 0x000000070fc00000| Untracked 
|  98|0x0000000719200000, 0x0000000719200000, 0x0000000719400000|  0%| F|  |TAMS 0x0000000719200000| PB 0x0000000719200000| Untracked 
|  99|0x0000000719400000, 0x0000000719400000, 0x0000000719600000|  0%| F|  |TAMS 0x0000000719400000| PB 0x0000000719400000| Untracked 
| 121|0x000000071c000000, 0x000000071c0b8d90, 0x000000071c200000| 36%| E|  |TAMS 0x000000071c000000| PB 0x000000071c000000| Complete 

Card table byte_map: [0x000001b6fc070000,0x000001b6fc810000] _byte_map_base: 0x000001b6f8809000

Marking Bits: (CMBitMap*) 0x000001b6f9caae30
 Bits: [0x000001b697390000, 0x000001b69b058000)

Polling page: 0x000001b6f9a10000

Metaspace:

Usage:
  Non-class:     30.39 MB used.
      Class:      4.32 MB used.
       Both:     34.71 MB used.

Virtual space:
  Non-class space:       64.00 MB reserved,      30.69 MB ( 48%) committed,  1 nodes.
      Class space:        1.00 GB reserved,       4.56 MB ( <1%) committed,  1 nodes.
             Both:        1.06 GB reserved,      35.25 MB (  3%) committed. 

Chunk freelists:
   Non-Class:  1.20 MB
       Class:  11.44 MB
        Both:  12.64 MB

MaxMetaspaceSize: unlimited
CompressedClassSpaceSize: 1.00 GB
Initial GC threshold: 21.00 MB
Current GC threshold: 35.44 MB
CDS: on
 - commit_granule_bytes: 65536.
 - commit_granule_words: 8192.
 - virtual_space_node_default_size: 8388608.
 - enlarge_chunks_in_place: 1.
 - use_allocation_guard: 0.


Internal statistics:

num_allocs_failed_limit: 8.
num_arena_births: 756.
num_arena_deaths: 0.
num_vsnodes_births: 2.
num_vsnodes_deaths: 0.
num_space_committed: 564.
num_space_uncommitted: 0.
num_chunks_returned_to_freelist: 8.
num_chunks_taken_from_freelist: 2005.
num_chunk_merges: 8.
num_chunk_splits: 1342.
num_chunks_enlarged: 922.
num_inconsistent_stats: 0.

CodeHeap 'non-profiled nmethods': size=120064Kb used=3560Kb max_used=3560Kb free=116503Kb
 bounds [0x000001b68fe50000, 0x000001b6901d0000, 0x000001b697390000]
CodeHeap 'profiled nmethods': size=120000Kb used=11736Kb max_used=11736Kb free=108263Kb
 bounds [0x000001b688390000, 0x000001b688f10000, 0x000001b68f8c0000]
CodeHeap 'non-nmethods': size=5696Kb used=1483Kb max_used=1519Kb free=4212Kb
 bounds [0x000001b68f8c0000, 0x000001b68fb30000, 0x000001b68fe50000]
 total_blobs=5949 nmethods=5389 adapters=464
 compilation: enabled
              stopped_count=0, restarted_count=0
 full_count=0

Compilation events (20 events):
Event: 58.284 Thread 0x000001b6fec37600 nmethod 5421 0x000001b688f03310 code [0x000001b688f034c0, 0x000001b688f03608]
Event: 58.284 Thread 0x000001b6fec37600 5422       1       java.nio.charset.CharsetDecoder::averageCharsPerByte (5 bytes)
Event: 58.284 Thread 0x000001b6fec37600 nmethod 5422 0x000001b6901c8410 code [0x000001b6901c85a0, 0x000001b6901c8668]
Event: 58.288 Thread 0x000001b6fec33eb0 5423       4       java.lang.invoke.DirectMethodHandle$Holder::invokeStatic (15 bytes)
Event: 58.289 Thread 0x000001b6fec33eb0 nmethod 5423 0x000001b6901c8710 code [0x000001b6901c88a0, 0x000001b6901c8990]
Event: 58.732 Thread 0x000001b6fec33eb0 5424       4       java.io.File::exists (34 bytes)
Event: 58.738 Thread 0x000001b6fec33eb0 nmethod 5424 0x000001b6901c8a90 code [0x000001b6901c8c60, 0x000001b6901c9030]
Event: 58.741 Thread 0x000001b6fec37600 5425       3       java.util.BitSet::expandTo (23 bytes)
Event: 58.741 Thread 0x000001b6fec37600 nmethod 5425 0x000001b688f03710 code [0x000001b688f038c0, 0x000001b688f03a60]
Event: 58.741 Thread 0x000001b6fec37600 5426       3       java.util.BitSet::set (58 bytes)
Event: 58.742 Thread 0x000001b6fec37600 nmethod 5426 0x000001b688f03b10 code [0x000001b688f03d80, 0x000001b688f045b8]
Event: 58.756 Thread 0x000001b6fec37600 5427       1       java.util.ResourceBundle$CacheKey::getLocale (5 bytes)
Event: 58.757 Thread 0x000001b6fec37600 nmethod 5427 0x000001b6901c9390 code [0x000001b6901c9520, 0x000001b6901c95f0]
Event: 58.760 Thread 0x000001b6fec37600 5428       3       java.util.logging.LogManager$LoggerContext::getGlobalLogger (6 bytes)
Event: 58.760 Thread 0x000001b6fec37600 nmethod 5428 0x000001b688f04990 code [0x000001b688f04b20, 0x000001b688f04c38]
Event: 59.248 Thread 0x000001b6fec37600 5432       3       java.lang.invoke.LambdaForm$BasicType::basicType (187 bytes)
Event: 59.249 Thread 0x000001b6fec33eb0 5431       4       java.lang.PublicMethods$Key::hashCode (19 bytes)
Event: 59.249 Thread 0x000001b6fec37600 nmethod 5432 0x000001b688f04d10 code [0x000001b688f04fc0, 0x000001b688f05a78]
Event: 59.249 Thread 0x000001b6fec37600 5433       3       java.nio.CharBuffer::<init> (24 bytes)
Event: 59.249 Thread 0x000001b6fec37600 nmethod 5433 0x000001b688f05d10 code [0x000001b688f05ec0, 0x000001b688f06078]

GC Heap History (20 events):
Event: 19.934 GC heap before
{Heap before GC invocations=4 (full 0):
 garbage-first heap   total 249856K, used 48788K [0x000000070ce00000, 0x0000000800000000)
  region size 2048K, 22 young (45056K), 2 survivors (4096K)
 Metaspace       used 21119K, committed 21504K, reserved 1114112K
  class space    used 2583K, committed 2752K, reserved 1048576K
}
Event: 19.952 GC heap after
{Heap after GC invocations=5 (full 0):
 garbage-first heap   total 249856K, used 13538K [0x000000070ce00000, 0x0000000800000000)
  region size 2048K, 2 young (4096K), 2 survivors (4096K)
 Metaspace       used 21119K, committed 21504K, reserved 1114112K
  class space    used 2583K, committed 2752K, reserved 1048576K
}
Event: 26.235 GC heap before
{Heap before GC invocations=6 (full 0):
 garbage-first heap   total 55296K, used 40162K [0x000000070ce00000, 0x0000000800000000)
  region size 2048K, 16 young (32768K), 2 survivors (4096K)
 Metaspace       used 21974K, committed 22400K, reserved 1114112K
  class space    used 2671K, committed 2880K, reserved 1048576K
}
Event: 26.254 GC heap after
{Heap after GC invocations=7 (full 0):
 garbage-first heap   total 55296K, used 14871K [0x000000070ce00000, 0x0000000800000000)
  region size 2048K, 2 young (4096K), 2 survivors (4096K)
 Metaspace       used 21974K, committed 22400K, reserved 1114112K
  class space    used 2671K, committed 2880K, reserved 1048576K
}
Event: 30.123 GC heap before
{Heap before GC invocations=7 (full 0):
 garbage-first heap   total 55296K, used 41495K [0x000000070ce00000, 0x0000000800000000)
  region size 2048K, 15 young (30720K), 2 survivors (4096K)
 Metaspace       used 23687K, committed 24128K, reserved 1114112K
  class space    used 2854K, committed 3072K, reserved 1048576K
}
Event: 30.158 GC heap after
{Heap after GC invocations=8 (full 0):
 garbage-first heap   total 55296K, used 17084K [0x000000070ce00000, 0x0000000800000000)
  region size 2048K, 2 young (4096K), 2 survivors (4096K)
 Metaspace       used 23687K, committed 24128K, reserved 1114112K
  class space    used 2854K, committed 3072K, reserved 1048576K
}
Event: 34.564 GC heap before
{Heap before GC invocations=8 (full 0):
 garbage-first heap   total 55296K, used 41660K [0x000000070ce00000, 0x0000000800000000)
  region size 2048K, 15 young (30720K), 2 survivors (4096K)
 Metaspace       used 25179K, committed 25664K, reserved 1114112K
  class space    used 3030K, committed 3264K, reserved 1048576K
}
Event: 34.601 GC heap after
{Heap after GC invocations=9 (full 0):
 garbage-first heap   total 55296K, used 18559K [0x000000070ce00000, 0x0000000800000000)
  region size 2048K, 1 young (2048K), 1 survivors (2048K)
 Metaspace       used 25179K, committed 25664K, reserved 1114112K
  class space    used 3030K, committed 3264K, reserved 1048576K
}
Event: 37.910 GC heap before
{Heap before GC invocations=9 (full 0):
 garbage-first heap   total 55296K, used 45183K [0x000000070ce00000, 0x0000000800000000)
  region size 2048K, 14 young (28672K), 1 survivors (2048K)
 Metaspace       used 26835K, committed 27264K, reserved 1114112K
  class space    used 3236K, committed 3456K, reserved 1048576K
}
Event: 37.918 GC heap after
{Heap after GC invocations=10 (full 0):
 garbage-first heap   total 55296K, used 19660K [0x000000070ce00000, 0x0000000800000000)
  region size 2048K, 2 young (4096K), 2 survivors (4096K)
 Metaspace       used 26835K, committed 27264K, reserved 1114112K
  class space    used 3236K, committed 3456K, reserved 1048576K
}
Event: 42.257 GC heap before
{Heap before GC invocations=10 (full 0):
 garbage-first heap   total 55296K, used 44236K [0x000000070ce00000, 0x0000000800000000)
  region size 2048K, 14 young (28672K), 2 survivors (4096K)
 Metaspace       used 28413K, committed 28864K, reserved 1114112K
  class space    used 3436K, committed 3648K, reserved 1048576K
}
Event: 42.284 GC heap after
{Heap after GC invocations=11 (full 0):
 garbage-first heap   total 55296K, used 20734K [0x000000070ce00000, 0x0000000800000000)
  region size 2048K, 2 young (4096K), 2 survivors (4096K)
 Metaspace       used 28413K, committed 28864K, reserved 1114112K
  class space    used 3436K, committed 3648K, reserved 1048576K
}
Event: 46.427 GC heap before
{Heap before GC invocations=11 (full 0):
 garbage-first heap   total 55296K, used 43262K [0x000000070ce00000, 0x0000000800000000)
  region size 2048K, 14 young (28672K), 2 survivors (4096K)
 Metaspace       used 29829K, committed 30272K, reserved 1114112K
  class space    used 3644K, committed 3840K, reserved 1048576K
}
Event: 46.438 GC heap after
{Heap after GC invocations=12 (full 0):
 garbage-first heap   total 55296K, used 22440K [0x000000070ce00000, 0x0000000800000000)
  region size 2048K, 2 young (4096K), 2 survivors (4096K)
 Metaspace       used 29829K, committed 30272K, reserved 1114112K
  class space    used 3644K, committed 3840K, reserved 1048576K
}
Event: 49.693 GC heap before
{Heap before GC invocations=12 (full 0):
 garbage-first heap   total 55296K, used 44968K [0x000000070ce00000, 0x0000000800000000)
  region size 2048K, 13 young (26624K), 2 survivors (4096K)
 Metaspace       used 31336K, committed 31872K, reserved 1114112K
  class space    used 3838K, committed 4096K, reserved 1048576K
}
Event: 49.705 GC heap after
{Heap after GC invocations=13 (full 0):
 garbage-first heap   total 55296K, used 22894K [0x000000070ce00000, 0x0000000800000000)
  region size 2048K, 1 young (2048K), 1 survivors (2048K)
 Metaspace       used 31336K, committed 31872K, reserved 1114112K
  class space    used 3838K, committed 4096K, reserved 1048576K
}
Event: 56.156 GC heap before
{Heap before GC invocations=13 (full 0):
 garbage-first heap   total 55296K, used 47470K [0x000000070ce00000, 0x0000000800000000)
  region size 2048K, 13 young (26624K), 1 survivors (2048K)
 Metaspace       used 34023K, committed 34624K, reserved 1114112K
  class space    used 4278K, committed 4544K, reserved 1048576K
}
Event: 56.168 GC heap after
{Heap after GC invocations=14 (full 0):
 garbage-first heap   total 55296K, used 24942K [0x000000070ce00000, 0x0000000800000000)
  region size 2048K, 2 young (4096K), 2 survivors (4096K)
 Metaspace       used 34023K, committed 34624K, reserved 1114112K
  class space    used 4278K, committed 4544K, reserved 1048576K
}
Event: 59.202 GC heap before
{Heap before GC invocations=14 (full 0):
 garbage-first heap   total 55296K, used 29038K [0x000000070ce00000, 0x0000000800000000)
  region size 2048K, 6 young (12288K), 2 survivors (4096K)
 Metaspace       used 35427K, committed 35968K, reserved 1114112K
  class space    used 4415K, committed 4672K, reserved 1048576K
}
Event: 59.220 GC heap after
{Heap after GC invocations=15 (full 0):
 garbage-first heap   total 55296K, used 25508K [0x000000070ce00000, 0x0000000800000000)
  region size 2048K, 1 young (2048K), 1 survivors (2048K)
 Metaspace       used 35427K, committed 35968K, reserved 1114112K
  class space    used 4415K, committed 4672K, reserved 1048576K
}

Dll operation events (10 events):
Event: 0.032 Loaded shared library C:\Program Files\Java\jdk-21\bin\java.dll
Event: 0.693 Loaded shared library C:\Program Files\Java\jdk-21\bin\jsvml.dll
Event: 1.384 Loaded shared library C:\Program Files\Java\jdk-21\bin\jimage.dll
Event: 1.465 Loaded shared library C:\Program Files\Java\jdk-21\bin\net.dll
Event: 1.469 Loaded shared library C:\Program Files\Java\jdk-21\bin\nio.dll
Event: 1.477 Loaded shared library C:\Program Files\Java\jdk-21\bin\zip.dll
Event: 2.035 Loaded shared library C:\Program Files\Java\jdk-21\bin\management.dll
Event: 2.136 Loaded shared library C:\Program Files\Java\jdk-21\bin\management_ext.dll
Event: 4.218 Loaded shared library C:\Program Files\Java\jdk-21\bin\extnet.dll
Event: 21.131 Loaded shared library C:\Program Files\Java\jdk-21\bin\sunmscapi.dll

Deoptimization events (20 events):
Event: 57.632 Thread 0x000001b6f9a5aad0 DEOPT PACKING pc=0x000001b688ef1699 sp=0x0000009c531fd9f0
Event: 57.632 Thread 0x000001b6f9a5aad0 DEOPT UNPACKING pc=0x000001b68f914e42 sp=0x0000009c531fcea8 mode 0
Event: 57.659 Thread 0x000001b6f9a5aad0 DEOPT PACKING pc=0x000001b688ef1699 sp=0x0000009c531fd4d0
Event: 57.659 Thread 0x000001b6f9a5aad0 DEOPT UNPACKING pc=0x000001b68f914e42 sp=0x0000009c531fc988 mode 0
Event: 57.962 Thread 0x000001b6f9a5aad0 DEOPT PACKING pc=0x000001b688ef1699 sp=0x0000009c531fd920
Event: 57.962 Thread 0x000001b6f9a5aad0 DEOPT UNPACKING pc=0x000001b68f914e42 sp=0x0000009c531fcdd8 mode 0
Event: 58.261 Thread 0x000001b6f9a5aad0 Uncommon trap: trap_request=0xfffffff4 fr.pc=0x000001b69019ae7c relative=0x000000000000033c
Event: 58.261 Thread 0x000001b6f9a5aad0 Uncommon trap: reason=null_check action=make_not_entrant pc=0x000001b69019ae7c method=sun.invoke.util.VerifyType.isNullConversion(Ljava/lang/Class;Ljava/lang/Class;Z)Z @ 67 c2
Event: 58.262 Thread 0x000001b6f9a5aad0 DEOPT PACKING pc=0x000001b69019ae7c sp=0x0000009c531fe1c0
Event: 58.262 Thread 0x000001b6f9a5aad0 DEOPT UNPACKING pc=0x000001b68f9146a2 sp=0x0000009c531fe140 mode 2
Event: 58.541 Thread 0x000001b6f9a5aad0 Uncommon trap: trap_request=0xffffff45 fr.pc=0x000001b690030bd0 relative=0x0000000000000090
Event: 58.541 Thread 0x000001b6f9a5aad0 Uncommon trap: reason=unstable_if action=reinterpret pc=0x000001b690030bd0 method=java.lang.invoke.LambdaForm$BasicType.basicType(C)Ljava/lang/invoke/LambdaForm$BasicType; @ 1 c2
Event: 58.541 Thread 0x000001b6f9a5aad0 DEOPT PACKING pc=0x000001b690030bd0 sp=0x0000009c531fd870
Event: 58.541 Thread 0x000001b6f9a5aad0 DEOPT UNPACKING pc=0x000001b68f9146a2 sp=0x0000009c531fd7a0 mode 2
Event: 58.541 Thread 0x000001b6f9a5aad0 Uncommon trap: trap_request=0xffffff45 fr.pc=0x000001b69001ab18 relative=0x0000000000000078
Event: 58.541 Thread 0x000001b6f9a5aad0 Uncommon trap: reason=unstable_if action=reinterpret pc=0x000001b69001ab18 method=java.lang.invoke.LambdaForm$BasicType.basicType(C)Ljava/lang/invoke/LambdaForm$BasicType; @ 1 c2
Event: 58.541 Thread 0x000001b6f9a5aad0 DEOPT PACKING pc=0x000001b69001ab18 sp=0x0000009c531fd800
Event: 58.541 Thread 0x000001b6f9a5aad0 DEOPT UNPACKING pc=0x000001b68f9146a2 sp=0x0000009c531fd7a0 mode 2
Event: 58.761 Thread 0x000001b6f9a5aad0 DEOPT PACKING pc=0x000001b688ef1699 sp=0x0000009c531fd940
Event: 58.761 Thread 0x000001b6f9a5aad0 DEOPT UNPACKING pc=0x000001b68f914e42 sp=0x0000009c531fcdf8 mode 0

Classes loaded (20 events):
Event: 57.968 Loading class java/beans/PropertyChangeSupport
Event: 57.968 Loading class java/beans/PropertyChangeSupport done
Event: 57.968 Loading class java/beans/PropertyChangeSupport$PropertyChangeListenerMap
Event: 57.968 Loading class java/beans/ChangeListenerMap
Event: 57.968 Loading class java/beans/ChangeListenerMap done
Event: 57.968 Loading class java/beans/PropertyChangeSupport$PropertyChangeListenerMap done
Event: 57.968 Loading class java/beans/PropertyChangeListener
Event: 57.968 Loading class java/beans/PropertyChangeListener done
Event: 58.244 Loading class java/beans/PropertyChangeEvent
Event: 58.244 Loading class java/beans/PropertyChangeEvent done
Event: 58.269 Loading class java/nio/charset/UnsupportedCharsetException
Event: 58.269 Loading class java/nio/charset/UnsupportedCharsetException done
Event: 58.274 Loading class java/nio/BufferUnderflowException
Event: 58.274 Loading class java/nio/BufferUnderflowException done
Event: 58.524 Loading class java/io/FileReader
Event: 58.524 Loading class java/io/FileReader done
Event: 58.742 Loading class sun/nio/cs/UTF_8$Encoder
Event: 58.742 Loading class sun/nio/cs/UTF_8$Encoder done
Event: 58.764 Loading class java/lang/instrument/IllegalClassFormatException
Event: 58.764 Loading class java/lang/instrument/IllegalClassFormatException done

Classes unloaded (0 events):
No events

Classes redefined (0 events):
No events

Internal exceptions (20 events):
Event: 50.840 Thread 0x000001b6f9a5aad0 Implicit null exception at 0x000001b68ffabf7a to 0x000001b68ffac038
Event: 50.855 Thread 0x000001b6f9a5aad0 Exception <a 'java/lang/IncompatibleClassChangeError'{0x000000070f68fc58}: Found class java.lang.Object, but interface was expected> (0x000000070f68fc58) 
thrown [s\open\src\hotspot\share\interpreter\linkResolver.cpp, line 840]
Event: 50.857 Thread 0x000001b6f9a5aad0 Exception <a 'java/lang/IncompatibleClassChangeError'{0x000000070f697008}: Found class java.lang.Object, but interface was expected> (0x000000070f697008) 
thrown [s\open\src\hotspot\share\interpreter\linkResolver.cpp, line 840]
Event: 51.339 Thread 0x000001b6f9a5aad0 Exception <a 'java/lang/NoSuchMethodError'{0x000000070f771d68}: 'void java.lang.invoke.DirectMethodHandle$Holder.invokeVirtual(java.lang.Object, java.lang.Object, int)'> (0x000000070f771d68) 
thrown [s\open\src\hotspot\share\interpreter\linkResolver.cpp, line 773]
Event: 51.340 Thread 0x000001b6f9a5aad0 Exception <a 'java/lang/NoSuchMethodError'{0x000000070f775ca0}: 'int java.lang.invoke.DirectMethodHandle$Holder.invokeSpecial(java.lang.Object, java.lang.Object, java.lang.Object, int)'> (0x000000070f775ca0) 
thrown [s\open\src\hotspot\share\interpreter\linkResolver.cpp, line 773]
Event: 51.352 Thread 0x000001b6f9a5aad0 Exception <a 'java/lang/NoSuchMethodError'{0x000000070f7878e0}: 'java.lang.Object java.lang.invoke.DirectMethodHandle$Holder.invokeStatic(java.lang.Object, java.lang.Object, java.lang.Object, java.lang.Object, int)'> (0x000000070f7878e0) 
thrown [s\open\src\hotspot\share\interpreter\linkResolver.cpp, line 773]
Event: 51.354 Thread 0x000001b6f9a5aad0 Exception <a 'java/lang/NoSuchMethodError'{0x000000070f78ec90}: 'void java.lang.invoke.DelegatingMethodHandle$Holder.reinvoke_L(java.lang.Object, java.lang.Object, int)'> (0x000000070f78ec90) 
thrown [s\open\src\hotspot\share\interpreter\linkResolver.cpp, line 773]
Event: 52.668 Thread 0x000001b6f9a5aad0 Exception <a 'java/lang/IncompatibleClassChangeError'{0x000000070f266f78}: Found class java.lang.Object, but interface was expected> (0x000000070f266f78) 
thrown [s\open\src\hotspot\share\interpreter\linkResolver.cpp, line 840]
Event: 53.030 Thread 0x000001b6f9a5aad0 Exception <a 'java/lang/NoSuchMethodError'{0x000000070f381410}: 'java.lang.Object java.lang.invoke.DirectMethodHandle$Holder.invokeVirtual(java.lang.Object, java.lang.Object, java.lang.Object, java.lang.Object, java.lang.Object)'> (0x000000070f381410) 
thrown [s\open\src\hotspot\share\interpreter\linkResolver.cpp, line 773]
Event: 54.069 Thread 0x000001b6f9a5aad0 Exception <a 'java/lang/NoSuchMethodError'{0x000000070f1f15c0}: 'java.lang.Object java.lang.invoke.DirectMethodHandle$Holder.invokeVirtual(java.lang.Object, java.lang.Object, java.lang.Object, java.lang.Object, java.lang.Object, java.lang.Object)'> (0x000000070f1f15c0) 
thrown [s\open\src\hotspot\share\interpreter\linkResolver.cpp, line 773]
Event: 54.827 Thread 0x000001b6f9a5aad0 Exception <a 'java/lang/NoSuchMethodError'{0x000000070ef31e78}: 'void java.lang.invoke.DirectMethodHandle$Holder.invokeInterface(java.lang.Object, java.lang.Object, int)'> (0x000000070ef31e78) 
thrown [s\open\src\hotspot\share\interpreter\linkResolver.cpp, line 773]
Event: 55.122 Thread 0x000001b6f9a5aad0 Exception <a 'java/lang/IncompatibleClassChangeError'{0x000000070ef74fd8}: Found class java.lang.Object, but interface was expected> (0x000000070ef74fd8) 
thrown [s\open\src\hotspot\share\interpreter\linkResolver.cpp, line 840]
Event: 55.132 Thread 0x000001b6f9a5aad0 Exception <a 'java/lang/NoSuchMethodError'{0x000000070ef92820}: 'void java.lang.invoke.DirectMethodHandle$Holder.invokeStatic(java.lang.Object, int, java.lang.Object)'> (0x000000070ef92820) 
thrown [s\open\src\hotspot\share\interpreter\linkResolver.cpp, line 773]
Event: 55.153 Thread 0x000001b6f9a5aad0 Exception <a 'java/lang/NoSuchMethodError'{0x000000070efc8da8}: 'void java.lang.invoke.DirectMethodHandle$Holder.invokeStatic(java.lang.Object, java.lang.Object, java.lang.Object, int, java.lang.Object)'> (0x000000070efc8da8) 
thrown [s\open\src\hotspot\share\interpreter\linkResolver.cpp, line 773]
Event: 55.156 Thread 0x000001b6f9a5aad0 Exception <a 'java/lang/NoSuchMethodError'{0x000000070efcf5e8}: 'java.lang.Object java.lang.invoke.DirectMethodHandle$Holder.newInvokeSpecial(java.lang.Object, java.lang.Object, java.lang.Object, int)'> (0x000000070efcf5e8) 
thrown [s\open\src\hotspot\share\interpreter\linkResolver.cpp, line 773]
Event: 55.157 Thread 0x000001b6f9a5aad0 Exception <a 'java/lang/NoSuchMethodError'{0x000000070efd33d8}: 'java.lang.Object java.lang.invoke.DirectMethodHandle$Holder.invokeSpecial(java.lang.Object, java.lang.Object, java.lang.Object, java.lang.Object, int)'> (0x000000070efd33d8) 
thrown [s\open\src\hotspot\share\interpreter\linkResolver.cpp, line 773]
Event: 55.157 Thread 0x000001b6f9a5aad0 Exception <a 'java/lang/NoSuchMethodError'{0x000000070efd6860}: 'java.lang.Object java.lang.invoke.Invokers$Holder.linkToTargetMethod(java.lang.Object, java.lang.Object, int, java.lang.Object)'> (0x000000070efd6860) 
thrown [s\open\src\hotspot\share\interpreter\linkResolver.cpp, line 773]
Event: 58.261 Thread 0x000001b6f9a5aad0 Implicit null exception at 0x000001b69019abf7 to 0x000001b69019ae68
Event: 59.196 Thread 0x000001b6f9a5aad0 Exception <a 'java/lang/NoSuchMethodError'{0x00000007193d5a58}: 'int java.lang.invoke.DirectMethodHandle$Holder.invokeVirtual(java.lang.Object, java.lang.Object, java.lang.Object, java.lang.Object)'> (0x00000007193d5a58) 
thrown [s\open\src\hotspot\share\interpreter\linkResolver.cpp, line 773]
Event: 59.197 Thread 0x000001b6f9a5aad0 Exception <a 'java/lang/NoSuchMethodError'{0x00000007193d94c0}: 'int java.lang.invoke.DelegatingMethodHandle$Holder.reinvoke_L(java.lang.Object, java.lang.Object, java.lang.Object, java.lang.Object)'> (0x00000007193d94c0) 
thrown [s\open\src\hotspot\share\interpreter\linkResolver.cpp, line 773]

ZGC Phase Switch (0 events):
No events

VM Operations (20 events):
Event: 52.865 Executing VM operation: Cleanup
Event: 52.950 Executing VM operation: Cleanup done
Event: 53.963 Executing VM operation: Cleanup
Event: 54.003 Executing VM operation: Cleanup done
Event: 55.011 Executing VM operation: Cleanup
Event: 55.113 Executing VM operation: Cleanup done
Event: 56.120 Executing VM operation: Cleanup
Event: 56.121 Executing VM operation: Cleanup done
Event: 56.156 Executing VM operation: G1CollectForAllocation (G1 Evacuation Pause)
Event: 56.168 Executing VM operation: G1CollectForAllocation (G1 Evacuation Pause) done
Event: 57.182 Executing VM operation: Cleanup
Event: 57.182 Executing VM operation: Cleanup done
Event: 58.195 Executing VM operation: Cleanup
Event: 58.196 Executing VM operation: Cleanup done
Event: 58.763 Executing VM operation: HandshakeAllThreads (Deoptimize)
Event: 58.763 Executing VM operation: HandshakeAllThreads (Deoptimize) done
Event: 58.770 Executing VM operation: HandshakeAllThreads (Deoptimize)
Event: 58.770 Executing VM operation: HandshakeAllThreads (Deoptimize) done
Event: 59.202 Executing VM operation: CollectForMetadataAllocation (Metadata GC Threshold)
Event: 59.220 Executing VM operation: CollectForMetadataAllocation (Metadata GC Threshold) done

Events (20 events):
Event: 0.580 Thread 0x000001b6fec301f0 Thread added: 0x000001b6fec301f0
Event: 0.581 Thread 0x000001b6fec31c60 Thread added: 0x000001b6fec31c60
Event: 0.581 Thread 0x000001b6fec326c0 Thread added: 0x000001b6fec326c0
Event: 0.581 Thread 0x000001b6fec33120 Thread added: 0x000001b6fec33120
Event: 0.581 Thread 0x000001b6fec33eb0 Thread added: 0x000001b6fec33eb0
Event: 0.687 Thread 0x000001b6fec37600 Thread added: 0x000001b6fec37600
Event: 1.219 Thread 0x000001b6febf5d20 Thread added: 0x000001b6febf5d20
Event: 1.370 Thread 0x000001b69b339cc0 Thread added: 0x000001b69b339cc0
Event: 4.232 Thread 0x000001b69b9342e0 Thread added: 0x000001b69b9342e0
Event: 4.334 Thread 0x000001b69b936fa0 Thread added: 0x000001b69b936fa0
Event: 4.583 Thread 0x000001b69bd75a20 Thread added: 0x000001b69bd75a20
Event: 7.371 Thread 0x000001b69bd594a0 Thread added: 0x000001b69bd594a0
Event: 7.763 Thread 0x000001b69bd53880 Thread added: 0x000001b69bd53880
Event: 7.924 Thread 0x000001b6e1182fa0 Thread added: 0x000001b6e1182fa0
Event: 12.716 Thread 0x000001b6e1b01110 Thread added: 0x000001b6e1b01110
Event: 13.531 Thread 0x000001b6e1314e50 Thread added: 0x000001b6e1314e50
Event: 19.472 Thread 0x000001b69b891020 Thread added: 0x000001b69b891020
Event: 21.334 Thread 0x000001b6e1b01110 Thread exited: 0x000001b6e1b01110
Event: 27.051 Thread 0x000001b69b8916b0 Thread added: 0x000001b69b8916b0
Event: 27.813 Thread 0x000001b69b8916b0 Thread exited: 0x000001b69b8916b0


Dynamic libraries:
0x00007ff6e1980000 - 0x00007ff6e1990000 	C:\Program Files\Java\jdk-21\bin\java.exe
0x00007ffc579f0000 - 0x00007ffc57c06000 	C:\Windows\SYSTEM32\ntdll.dll
0x00007ffc063f0000 - 0x00007ffc06410000 	C:\Program Files\Norton\Suite\aswhook.dll
0x00007ffc570c0000 - 0x00007ffc57184000 	C:\Windows\System32\KERNEL32.DLL
0x00007ffc55130000 - 0x00007ffc554d7000 	C:\Windows\System32\KERNELBASE.dll
0x00007ffc554e0000 - 0x00007ffc555f1000 	C:\Windows\System32\ucrtbase.dll
0x00007ffc22e20000 - 0x00007ffc22e39000 	C:\Program Files\Java\jdk-21\bin\jli.dll
0x00007ffc56190000 - 0x00007ffc56242000 	C:\Windows\System32\ADVAPI32.dll
0x00007ffc55ed0000 - 0x00007ffc55f77000 	C:\Windows\System32\msvcrt.dll
0x00007ffc56250000 - 0x00007ffc562f8000 	C:\Windows\System32\sechost.dll
0x00007ffc55100000 - 0x00007ffc55128000 	C:\Windows\System32\bcrypt.dll
0x00007ffc57220000 - 0x00007ffc57335000 	C:\Windows\System32\RPCRT4.dll
0x00007ffc55fe0000 - 0x00007ffc5618e000 	C:\Windows\System32\USER32.dll
0x00007ffc54d80000 - 0x00007ffc54da6000 	C:\Windows\System32\win32u.dll
0x00007ffc55ea0000 - 0x00007ffc55ec9000 	C:\Windows\System32\GDI32.dll
0x00007ffc55600000 - 0x00007ffc55719000 	C:\Windows\System32\gdi32full.dll
0x00007ffc54ef0000 - 0x00007ffc54f8a000 	C:\Windows\System32\msvcp_win.dll
0x00007ffc23ca0000 - 0x00007ffc23cbb000 	C:\Program Files\Java\jdk-21\bin\VCRUNTIME140.dll
0x00007ffc42d30000 - 0x00007ffc42fc3000 	C:\Windows\WinSxS\amd64_microsoft.windows.common-controls_6595b64144ccf1df_6.0.22621.3235_none_270f74e173860f98\COMCTL32.dll
0x00007ffc4dd30000 - 0x00007ffc4dd3a000 	C:\Windows\SYSTEM32\VERSION.dll
0x00007ffc55f80000 - 0x00007ffc55fb1000 	C:\Windows\System32\IMM32.DLL
0x00007ffc50910000 - 0x00007ffc5091c000 	C:\Program Files\Java\jdk-21\bin\vcruntime140_1.dll
0x00007ffc1ffe0000 - 0x00007ffc2006e000 	C:\Program Files\Java\jdk-21\bin\msvcp140.dll
0x00007ffc1a240000 - 0x00007ffc1af55000 	C:\Program Files\Java\jdk-21\bin\server\jvm.dll
0x00007ffc55740000 - 0x00007ffc557b1000 	C:\Windows\System32\WS2_32.dll
0x00007ffc54680000 - 0x00007ffc546cd000 	C:\Windows\SYSTEM32\POWRPROF.dll
0x00007ffc4d7c0000 - 0x00007ffc4d7f4000 	C:\Windows\SYSTEM32\WINMM.dll
0x00007ffc545c0000 - 0x00007ffc545d3000 	C:\Windows\SYSTEM32\UMPDC.dll
0x00007ffc53d50000 - 0x00007ffc53d68000 	C:\Windows\SYSTEM32\kernel.appcore.dll
0x00007ffc24e80000 - 0x00007ffc24e8a000 	C:\Program Files\Java\jdk-21\bin\jimage.dll
0x00007ffc4a130000 - 0x00007ffc4a363000 	C:\Windows\SYSTEM32\DBGHELP.DLL
0x00007ffc57500000 - 0x00007ffc57888000 	C:\Windows\System32\combase.dll
0x00007ffc56460000 - 0x00007ffc56537000 	C:\Windows\System32\OLEAUT32.dll
0x00007ffc4a0f0000 - 0x00007ffc4a122000 	C:\Windows\SYSTEM32\dbgcore.DLL
0x00007ffc54e70000 - 0x00007ffc54ee9000 	C:\Windows\System32\bcryptPrimitives.dll
0x00007ffc21e20000 - 0x00007ffc21e3f000 	C:\Program Files\Java\jdk-21\bin\java.dll
0x00007ffc56860000 - 0x00007ffc570bc000 	C:\Windows\System32\SHELL32.dll
0x00007ffc52c70000 - 0x00007ffc53569000 	C:\Windows\SYSTEM32\windows.storage.dll
0x00007ffc52b30000 - 0x00007ffc52c6e000 	C:\Windows\SYSTEM32\wintypes.dll
0x00007ffc557c0000 - 0x00007ffc558b3000 	C:\Windows\System32\SHCORE.dll
0x00007ffc56300000 - 0x00007ffc5635e000 	C:\Windows\System32\shlwapi.dll
0x00007ffc54c40000 - 0x00007ffc54c61000 	C:\Windows\SYSTEM32\profapi.dll
0x00007ffc1f8a0000 - 0x00007ffc1f977000 	C:\Program Files\Java\jdk-21\bin\jsvml.dll
0x00007ffc24040000 - 0x00007ffc24050000 	C:\Program Files\Java\jdk-21\bin\net.dll
0x00007ffc4da50000 - 0x00007ffc4db86000 	C:\Windows\SYSTEM32\WINHTTP.dll
0x00007ffc541c0000 - 0x00007ffc54229000 	C:\Windows\system32\mswsock.dll
0x00007ffc211e0000 - 0x00007ffc211f6000 	C:\Program Files\Java\jdk-21\bin\nio.dll
0x00007ffc202c0000 - 0x00007ffc202d8000 	C:\Program Files\Java\jdk-21\bin\zip.dll
0x00007ffc22ee0000 - 0x00007ffc22eea000 	C:\Program Files\Java\jdk-21\bin\management.dll
0x00007ffc22ed0000 - 0x00007ffc22edb000 	C:\Program Files\Java\jdk-21\bin\management_ext.dll
0x00007ffc567b0000 - 0x00007ffc567b8000 	C:\Windows\System32\PSAPI.DLL
0x00007ffc508f0000 - 0x00007ffc50907000 	C:\Windows\system32\napinsp.dll
0x00007ffc4cfe0000 - 0x00007ffc4cffb000 	C:\Windows\system32\pnrpnsp.dll
0x00007ffc53890000 - 0x00007ffc53989000 	C:\Windows\SYSTEM32\DNSAPI.dll
0x00007ffc53810000 - 0x00007ffc5383d000 	C:\Windows\SYSTEM32\IPHLPAPI.DLL
0x00007ffc55730000 - 0x00007ffc55739000 	C:\Windows\System32\NSI.dll
0x00007ffc48370000 - 0x00007ffc48381000 	C:\Windows\System32\winrnr.dll
0x00007ffc39540000 - 0x00007ffc39555000 	C:\Windows\system32\wshbth.dll
0x00007ffc47700000 - 0x00007ffc47721000 	C:\Windows\system32\nlansp_c.dll
0x00007ffc46450000 - 0x00007ffc4645a000 	C:\Windows\System32\rasadhlp.dll
0x00007ffc4ce00000 - 0x00007ffc4ce83000 	C:\Windows\System32\fwpuclnt.dll
0x00007ffc54430000 - 0x00007ffc5444b000 	C:\Windows\SYSTEM32\CRYPTSP.dll
0x00007ffc53cb0000 - 0x00007ffc53ce5000 	C:\Windows\system32\rsaenh.dll
0x00007ffc542c0000 - 0x00007ffc542e8000 	C:\Windows\SYSTEM32\USERENV.dll
0x00007ffc54420000 - 0x00007ffc5442c000 	C:\Windows\SYSTEM32\CRYPTBASE.dll
0x00007ffc23d80000 - 0x00007ffc23d87000 	C:\Program Files\Java\jdk-21\bin\extnet.dll
0x00007ffc22e80000 - 0x00007ffc22e8e000 	C:\Program Files\Java\jdk-21\bin\sunmscapi.dll
0x00007ffc54f90000 - 0x00007ffc550f7000 	C:\Windows\System32\CRYPT32.dll
0x00007ffc546d0000 - 0x00007ffc546fe000 	C:\Windows\SYSTEM32\ncrypt.dll
0x00007ffc54640000 - 0x00007ffc54677000 	C:\Windows\SYSTEM32\NTASN1.dll

dbghelp: loaded successfully - version: 4.0.5 - missing functions: none
symbol engine: initialized successfully - sym options: 0x614 - pdb path: .;C:\Program Files\Java\jdk-21\bin;C:\Windows\SYSTEM32;C:\Program Files\Norton\Suite;C:\Windows\WinSxS\amd64_microsoft.windows.common-controls_6595b64144ccf1df_6.0.22621.3235_none_270f74e173860f98;C:\Program Files\Java\jdk-21\bin\server

VM Arguments:
jvm_args: -Dcom.sun.management.jmxremote -Dcom.sun.management.jmxremote.port=62331 -Dcom.sun.management.jmxremote.authenticate=false -Dcom.sun.management.jmxremote.ssl=false -Dspring.jmx.enabled=true -Djava.rmi.server.hostname=localhost -Dspring.application.admin.enabled=true -Dspring.boot.project.name=edificar -XX:+ShowCodeDetailsInExceptionMessages -Dmanagement.endpoints.jmx.exposure.include=* 
java_command: com.app.edificar.EdificarApplication
java_class_path (initial): E:\.Erick\.projetos\.edificar\app\main-2\gerenciamentoedificar\edificarBackend\target\classes;C:\Users\Home\.m2\repository\org\springframework\boot\spring-boot-starter-actuator\3.5.4\spring-boot-starter-actuator-3.5.4.jar;C:\Users\Home\.m2\repository\org\springframework\boot\spring-boot-starter\3.5.4\spring-boot-starter-3.5.4.jar;C:\Users\Home\.m2\repository\org\springframework\boot\spring-boot\3.5.4\spring-boot-3.5.4.jar;C:\Users\Home\.m2\repository\org\springframework\boot\spring-boot-autoconfigure\3.5.4\spring-boot-autoconfigure-3.5.4.jar;C:\Users\Home\.m2\repository\org\springframework\boot\spring-boot-starter-logging\3.5.4\spring-boot-starter-logging-3.5.4.jar;C:\Users\Home\.m2\repository\ch\qos\logback\logback-classic\1.5.18\logback-classic-1.5.18.jar;C:\Users\Home\.m2\repository\ch\qos\logback\logback-core\1.5.18\logback-core-1.5.18.jar;C:\Users\Home\.m2\repository\org\apache\logging\log4j\log4j-to-slf4j\2.24.3\log4j-to-slf4j-2.24.3.jar;C:\Users\Home\.m2\repository\org\apache\logging\log4j\log4j-api\2.24.3\log4j-api-2.24.3.jar;C:\Users\Home\.m2\repository\org\slf4j\jul-to-slf4j\2.0.17\jul-to-slf4j-2.0.17.jar;C:\Users\Home\.m2\repository\jakarta\annotation\jakarta.annotation-api\2.1.1\jakarta.annotation-api-2.1.1.jar;C:\Users\Home\.m2\repository\org\yaml\snakeyaml\2.4\snakeyaml-2.4.jar;C:\Users\Home\.m2\repository\org\springframework\boot\spring-boot-actuator-autoconfigure\3.5.4\spring-boot-actuator-autoconfigure-3.5.4.jar;C:\Users\Home\.m2\repository\org\springframework\boot\spring-boot-actuator\3.5.4\spring-boot-actuator-3.5.4.jar;C:\Users\Home\.m2\repository\com\fasterxml\jackson\datatype\jackson-datatype-jsr310\2.19.2\jackson-datatype-jsr310-2.19.2.jar;C:\Users\Home\.m2\repository\io\micrometer\micrometer-observation\1.15.2\micrometer-observation-1.15.2.jar;C:\Users\Home\.m2\repository\io\micrometer\micrometer-commons\1.15.2\micrometer-commons-1.15.2.jar;C:\Users\Home\.m2\repository\io\micrometer\micrometer-jakarta9\1.15.2\micrometer-jakarta9-1.15.2.jar;C:\Users\Home\.m2\repository\io\micrometer\micrometer-core\1.15.2\micrometer-core-1.15.2.jar;C:\Users\Home\.m2\repository\org\hdrhistogram\HdrHistogram\2.2.2\HdrHistogram-2.2.2.jar;C:\Users\Home\.m2\repository\org\latencyutils\LatencyUtils\2.0.3\LatencyUtils-2.0.3.jar;C:\Users\Home\.m2\repository\org\springframework\boot\spring-boot-starter-data-jpa\3.5.4\spring-boot-starter-data-jpa-3.5.4.jar;C:\Users\Home\.m2\repository\org\springframework\boot\spring-boot-starter-jdbc\3.5.4\spring-boot-starter-jdbc-3.5.4.jar;C:\Users\Home\.m2\repository\com\zaxxer\HikariCP\6.3.1\HikariCP-6.3.1.jar;C:\Users\Home\.m2\repository\org\springframework\spring-jdbc\6.2.9\spring-jdbc-6.2.9.jar;C:\Users\Home\.m2\repository\org\hibernate\orm\hibernate-core\6.6.22.Final\hibernate-core-6.6.22.Final.jar;C:\Users\Home\.m2\repository\jakarta\persistence\jakarta.persistence-api\3.1.0\jakarta.persistence-api-3.1.0.jar;C:\Users\Home\.m2\repository\jakarta\transaction\jakarta.transaction-api\2.0.1\jakarta.transaction-api-2.0.1.jar;C:\Users\Home\.m2\repository\org\jboss\logging\jboss-logging\3.6.1.Final\jboss-logging-3.6.1.Final.jar;C:\Users\Home\.m2\repository\org\hibernate\common\hibernate-commons-annotations\7.0.3.Final\hibernate-commons-annotations-7.0.3.Final.jar;C:\Users\Home\.m2\repository\io\smallrye\jandex\3.2.0\jandex-3.2.0.jar;C:\Users\Home\.m2\repository\com\fasterxml\classmate\1.7.0\classmate-1.7.0.jar;C:\Users\Home\.m2\repository\net\bytebuddy\byte-buddy\1.17.6\byte-buddy-1.17.6.jar;C:\Users\Home\.m2\repository\org\glassfish\jaxb\jaxb-runtime\4.0.5\jaxb-runtime-4.0.5.jar;C:\Users\Home\.m2\repository\org\glassfish\jaxb\jaxb-core\4.0.5\jaxb-core-4.0.5.jar;C:\Users\Home\.m2\repository\org\eclipse\angus\angus-activation\2.0.2\angus-activation-2.0.2.jar;C:\Users\Home\.m2\repository\org\glassfish\jaxb\txw2\4.0.5\txw2-4.0.5.jar;C:\Users\Home\.m2\repository\com\sun\istack\istack-commons-runtime\4.1.2\istack-commons-runtime-4.1.2.jar;C:\Users\Home\.m2\repository\jakarta\inject\jakarta.inject-api\2.0.1\jakarta.inject-api-2.0.1.jar;C:\Users\Home\.m2\repository\org\antlr\antlr4-runtime\4.13.0\antlr4-runtime-4.13.0.jar;C:\Users\Home\.m2\repository\org\springframework\data\spring-data-jpa\3.5.2\spring-data-jpa-3.5.2.jar;C:\Users\Home\.m2\repository\org\springframework\data\spring-data-commons\3.5.2\spring-data-commons-3.5.2.jar;C:\Users\Home\.m2\repository\org\springframework\spring-orm\6.2.9\spring-orm-6.2.9.jar;C:\Users\Home\.m2\repository\org\springframework\spring-context\6.2.9\spring-context-6.2.9.jar;C:\Users\Home\.m2\repository\org\springframework\spring-tx\6.2.9\spring-tx-6.2.9.jar;C:\Users\Home\.m2\repository\org\springframework\spring-beans\6.2.9\spring-beans-6.2.9.jar;C:\Users\Home\.m2\repository\org\slf4j\slf4j-api\2.0.17\slf4j-api-2.0.17.jar;C:\Users\Home\.m2\repository\org\springframework\spring-aspects\6.2.9\spring-aspects-6.2.9.jar;C:\Users\Home\.m2\repository\org\aspectj\aspectjweaver\1.9.24\aspectjweaver-1.9.24.jar;C:\Users\Home\.m2\repository\org\springframework\boot\spring-boot-starter-web\3.5.4\spring-boot-starter-web-3.5.4.jar;C:\Users\Home\.m2\repository\org\springframework\boot\spring-boot-starter-json\3.5.4\spring-boot-starter-json-3.5.4.jar;C:\Users\Home\.m2\repository\com\fasterxml\jackson\datatype\jackson-datatype-jdk8\2.19.2\jackson-datatype-jdk8-2.19.2.jar;C:\Users\Home\.m2\repository\com\fasterxml\jackson\module\jackson-module-parameter-names\2.19.2\jackson-module-parameter-names-2.19.2.jar;C:\Users\Home\.m2\repository\org\springframework\boot\spring-boot-starter-tomcat\3.5.4\spring-boot-starter-tomcat-3.5.4.jar;C:\Users\Home\.m2\repository\org\apache\tomcat\embed\tomcat-embed-core\10.1.43\tomcat-embed-core-10.1.43.jar;C:\Users\Home\.m2\repository\org\apache\tomcat\embed\tomcat-embed-el\10.1.43\tomcat-embed-el-10.1.43.jar;C:\Users\Home\.m2\repository\org\apache\tomcat\embed\tomcat-embed-websocket\10.1.43\tomcat-embed-websocket-10.1.43.jar;C:\Users\Home\.m2\repository\org\springframework\spring-web\6.2.9\spring-web-6.2.9.jar;C:\Users\Home\.m2\repository\org\springframework\spring-webmvc\6.2.9\spring-webmvc-6.2.9.jar;C:\Users\Home\.m2\repository\org\springframework\spring-expression\6.2.9\spring-expression-6.2.9.jar;C:\Users\Home\.m2\repository\com\mysql\mysql-connector-j\9.3.0\mysql-connector-j-9.3.0.jar;C:\Users\Home\.m2\repository\jakarta\xml\bind\jakarta.xml.bind-api\4.0.2\jakarta.xml.bind-api-4.0.2.jar;C:\Users\Home\.m2\repository\jakarta\activation\jakarta.activation-api\2.1.3\jakarta.activation-api-2.1.3.jar;C:\Users\Home\.m2\repository\org\springframework\spring-core\6.2.9\spring-core-6.2.9.jar;C:\Users\Home\.m2\repository\org\springframework\spring-jcl\6.2.9\spring-jcl-6.2.9.jar;C:\Users\Home\.m2\repository\org\springdoc\springdoc-openapi-starter-webmvc-ui\2.0.4\springdoc-openapi-starter-webmvc-ui-2.0.4.jar;C:\Users\Home\.m2\repository\org\springdoc\springdoc-openapi-starter-webmvc-api\2.0.4\springdoc-openapi-starter-webmvc-api-2.0.4.jar;C:\Users\Home\.m2\repository\org\springdoc\springdoc-openapi-starter-common\2.0.4\springdoc-openapi-starter-common-2.0.4.jar;C:\Users\Home\.m2\repository\io\swagger\core\v3\swagger-core-jakarta\2.2.8\swagger-core-jakarta-2.2.8.jar;C:\Users\Home\.m2\repository\org\apache\commons\commons-lang3\3.17.0\commons-lang3-3.17.0.jar;C:\Users\Home\.m2\repository\io\swagger\core\v3\swagger-annotations-jakarta\2.2.8\swagger-annotations-jakarta-2.2.8.jar;C:\Users\Home\.m2\repository\io\swagger\core\v3\swagger-models-jakarta\2.2.8\swagger-models-jakarta-2.2.8.jar;C:\Users\Home\.m2\repository\jakarta\validation\jakarta.validation-api\3.0.2\jakarta.validation-api-3.0.2.jar;C:\Users\Home\.m2\repository\com\fasterxml\jackson\dataformat\jackson-dataformat-yaml\2.19.2\jackson-dataformat-yaml-2.19.2.jar;C:\Users\Home\.m2\repository\org\webjars\swagger-ui\4.18.1\swagger-ui-4.18.1.jar;C:\Users\Home\.m2\repository\org\webjars\webjars-locator-core\0.59\webjars-locator-core-0.59.jar;C:\Users\Home\.m2\repository\io\github\classgraph\classgraph\4.8.149\classgraph-4.8.149.jar;C:\Users\Home\.m2\repository\org\modelmapper\modelmapper\3.2.4\modelmapper-3.2.4.jar;C:\Users\Home\.m2\repository\org\springframework\boot\spring-boot-starter-security\3.5.4\spring-boot-starter-security-3.5.4.jar;C:\Users\Home\.m2\repository\org\springframework\spring-aop\6.2.9\spring-aop-6.2.9.jar;C:\Users\Home\.m2\repository\org\springframework\security\spring-security-config\6.5.2\spring-security-config-6.5.2.jar;C:\Users\Home\.m2\repository\org\springframework\security\spring-security-web\6.5.2\spring-security-web-6.5.2.jar;C:\Users\Home\.m2\repository\com\auth0\java-jwt\4.4.0\java-jwt-4.4.0.jar;C:\Users\Home\.m2\repository\com\fasterxml\jackson\core\jackson-databind\2.19.2\jackson-databind-2.19.2.jar;C:\Users\Home\.m2\repository\com\fasterxml\jackson\core\jackson-annotations\2.19.2\jackson-annotations-2.19.2.jar;C:\Users\Home\.m2\repository\com\fasterxml\jackson\core\jackson-core\2.19.2\jackson-core-2.19.2.jar;C:\Users\Home\.m2\repository\org\springframework\security\spring-security-core\6.5.2\spring-security-core-6.5.2.jar;C:\Users\Home\.m2\repository\org\springframework\security\spring-security-crypto\6.5.2\spring-security-crypto-6.5.2.jar
Launcher Type: SUN_STANDARD

[Global flags]
     intx CICompilerCount                          = 2                                         {product} {ergonomic}
     uint ConcGCThreads                            = 1                                         {product} {ergonomic}
     uint G1ConcRefinementThreads                  = 2                                         {product} {ergonomic}
   size_t G1HeapRegionSize                         = 2097152                                   {product} {ergonomic}
    uintx GCDrainStackTargetSize                   = 64                                        {product} {ergonomic}
   size_t InitialHeapSize                          = 255852544                                 {product} {ergonomic}
     bool ManagementServer                         = true                                      {product} {command line}
   size_t MarkStackSize                            = 4194304                                   {product} {ergonomic}
   size_t MaxHeapSize                              = 4078960640                                {product} {ergonomic}
   size_t MaxNewSize                               = 2447376384                                {product} {ergonomic}
   size_t MinHeapDeltaBytes                        = 2097152                                   {product} {ergonomic}
   size_t MinHeapSize                              = 8388608                                   {product} {ergonomic}
    uintx NonNMethodCodeHeapSize                   = 5826188                                {pd product} {ergonomic}
    uintx NonProfiledCodeHeapSize                  = 122916026                              {pd product} {ergonomic}
    uintx ProfiledCodeHeapSize                     = 122916026                              {pd product} {ergonomic}
    uintx ReservedCodeCacheSize                    = 251658240                              {pd product} {ergonomic}
     bool SegmentedCodeCache                       = true                                      {product} {ergonomic}
     bool ShowCodeDetailsInExceptionMessages       = true                                   {manageable} {command line}
   size_t SoftMaxHeapSize                          = 4078960640                             {manageable} {ergonomic}
     bool UseCompressedOops                        = true                           {product lp64_product} {ergonomic}
     bool UseG1GC                                  = true                                      {product} {ergonomic}
     bool UseLargePagesIndividualAllocation        = false                                  {pd product} {ergonomic}

Logging:
Log output configuration:
 #0: stdout all=warning uptime,level,tags foldmultilines=false
 #1: stderr all=off uptime,level,tags foldmultilines=false

Environment Variables:
CLASSPATH=C:\Drivers\sqljdbc_12.8\ptb\jars\mssql-jdbc-12.8.1.jre11.jar
PATH=C:\Program Files\Common Files\Oracle\Java\javapath;C:\Program Files (x86)\Common Files\Oracle\Java\javapath;C:\Windows\system32;C:\Windows;C:\Windows\System32\Wbem;C:\Windows\System32\WindowsPowerShell\v1.0\;C:\Windows\System32\OpenSSH\;C:\Program Files (x86)\ATI Technologies\ATI.ACE\Core-Static;C:\xampp\php;C:\ProgramData\ComposerSetup\bin;C:\Program Files\dotnet\;C:\Program Files\nodejs\;C:\Program Files\Git\cmd;C:\Users\Home\AppData\Local\Microsoft\WindowsApps;C:\Users\Home\AppData\Local\Programs\Microsoft VS Code\bin;C:\Users\Home\AppData\Roaming\Composer\vendor\bin;C:\Users\Home\AppData\Local\Microsoft\WindowsApps;C:\Users\Home\AppData\Local\Microsoft\WindowsApps\PythonSoftwareFoundation.Python.3.11_qbz5n2kfra8p0;C:\Users\Home\AppData\Local\Packages\PythonSoftwareFoundation.Python.3.11_qbz5n2kfra8p0\LocalCache\local-packages\Python311\Scripts;C:\Users\Home\AppData\Roaming\npm;C:\Drivers\sqljdbc_12.8\ptb\auth\x64;C:\Users\Home\AppData\Roaming\npm;
USERNAME=Home
LANG=en_US.UTF-8
OS=Windows_NT
PROCESSOR_IDENTIFIER=AMD64 Family 21 Model 19 Stepping 1, AuthenticAMD
TMP=C:\Users\Home\AppData\Local\Temp
TEMP=C:\Users\Home\AppData\Local\Temp




Periodic native trim disabled

---------------  S Y S T E M  ---------------

OS:
 Windows 11 , 64 bit Build 22621 (10.0.22621.3374)
OS uptime: 0 days 9:08 hours

CPU: total 2 (initial active 2) (2 cores per cpu, 1 threads per core) family 21 model 19 stepping 1 microcode 0x0, cx8, cmov, fxsr, mmx, 3dnowpref, sse, sse2, sse3, ssse3, sse4a, sse4.1, sse4.2, popcnt, lzcnt, tsc, tscinvbit, avx, aes, clmul, bmi1, fma, vzeroupper, clflush, rdtscp, f16c
Processor Information for all 2 processors :
  Max Mhz: 3700, Current Mhz: 3700, Mhz Limit: 3700

Memory: 4k page, system-wide physical 15559M (4350M free)
TotalPageFile size 16583M (AvailPageFile size 4081M)
current process WorkingSet (physical memory assigned to process): 183M, peak: 187M
current process commit charge ("private bytes"): 209M, peak: 362M

vm_info: Java HotSpot(TM) 64-Bit Server VM (21.0.1+12-LTS-29) for windows-amd64 JRE (21.0.1+12-LTS-29), built on 2023-10-05T13:27:09Z by "mach5one" with MS VC++ 17.1 (VS2022)

END.
